mode: set
github.com/forge-ai/forge/api/api/router.go:26.46,34.24 6 0
github.com/forge-ai/forge/api/api/router.go:34.24,36.3 1 0
github.com/forge-ai/forge/api/api/router.go:37.2,44.24 2 0
github.com/forge-ai/forge/api/api/router.go:44.24,46.3 1 0
github.com/forge-ai/forge/api/api/router.go:46.8,47.65 1 0
github.com/forge-ai/forge/api/api/router.go:47.65,50.4 2 0
github.com/forge-ai/forge/api/api/router.go:54.2,54.45 1 0
github.com/forge-ai/forge/api/api/router.go:54.45,58.3 3 0
github.com/forge-ai/forge/api/api/router.go:61.2,61.40 1 0
github.com/forge-ai/forge/api/api/router.go:61.40,65.43 2 0
github.com/forge-ai/forge/api/api/router.go:65.43,68.47 3 0
github.com/forge-ai/forge/api/api/router.go:68.47,73.42 3 0
github.com/forge-ai/forge/api/api/router.go:73.42,77.6 3 0
github.com/forge-ai/forge/api/api/router.go:82.3,82.52 1 0
github.com/forge-ai/forge/api/api/router.go:85.2,85.10 1 0
github.com/forge-ai/forge/api/domain/project.go:32.35,33.18 1 1
github.com/forge-ai/forge/api/domain/project.go:36.23,37.14 1 1
github.com/forge-ai/forge/api/domain/project.go:39.2,39.14 1 1
github.com/forge-ai/forge/api/domain/project.go:42.35,44.2 1 1
github.com/forge-ai/forge/api/domain/project.go:46.37,48.2 1 1
github.com/forge-ai/forge/api/domain/project.go:51.33,52.26 1 1
github.com/forge-ai/forge/api/domain/project.go:55.64,56.14 1 1
github.com/forge-ai/forge/api/domain/project.go:58.2,58.14 1 1
github.com/forge-ai/forge/api/domain/task.go:34.32,35.18 1 1
github.com/forge-ai/forge/api/domain/task.go:38.20,39.14 1 1
github.com/forge-ai/forge/api/domain/task.go:41.2,41.14 1 1
github.com/forge-ai/forge/api/domain/task.go:44.32,46.2 1 1
github.com/forge-ai/forge/api/domain/task.go:48.34,50.2 1 1
github.com/forge-ai/forge/api/domain/task.go:52.37,53.23 1 1
github.com/forge-ai/forge/api/domain/task.go:56.55,57.14 1 1
github.com/forge-ai/forge/api/domain/task.go:59.2,59.14 1 1
github.com/forge-ai/forge/api/domain/user.go:19.36,21.2 1 1
github.com/forge-ai/forge/api/domain/user.go:23.42,25.2 1 1
github.com/forge-ai/forge/api/api/handler/auth.go:24.107,26.2 1 0
github.com/forge-ai/forge/api/api/handler/auth.go:29.72,35.62 2 0
github.com/forge-ai/forge/api/api/handler/auth.go:35.62,38.3 2 0
github.com/forge-ai/forge/api/api/handler/auth.go:39.2,39.36 1 0
github.com/forge-ai/forge/api/api/handler/auth.go:39.36,42.3 2 0
github.com/forge-ai/forge/api/api/handler/auth.go:43.2,43.42 1 0
github.com/forge-ai/forge/api/api/handler/auth.go:43.42,46.3 2 0
github.com/forge-ai/forge/api/api/handler/auth.go:47.2,47.21 1 0
github.com/forge-ai/forge/api/api/handler/auth.go:47.21,50.3 2 0
github.com/forge-ai/forge/api/api/handler/auth.go:52.2,53.16 2 0
github.com/forge-ai/forge/api/api/handler/auth.go:53.16,56.3 2 0
github.com/forge-ai/forge/api/api/handler/auth.go:58.2,63.16 2 0
github.com/forge-ai/forge/api/api/handler/auth.go:63.16,66.3 2 0
github.com/forge-ai/forge/api/api/handler/auth.go:68.2,69.16 2 0
github.com/forge-ai/forge/api/api/handler/auth.go:69.16,72.3 2 0
github.com/forge-ai/forge/api/api/handler/auth.go:74.2,77.4 1 0
github.com/forge-ai/forge/api/api/handler/auth.go:81.69,86.62 2 0
github.com/forge-ai/forge/api/api/handler/auth.go:86.62,89.3 2 0
github.com/forge-ai/forge/api/api/handler/auth.go:91.2,92.16 2 0
github.com/forge-ai/forge/api/api/handler/auth.go:92.16,96.3 2 0
github.com/forge-ai/forge/api/api/handler/auth.go:98.2,98.70 1 0
github.com/forge-ai/forge/api/api/handler/auth.go:98.70,101.3 2 0
github.com/forge-ai/forge/api/api/handler/auth.go:103.2,104.16 2 0
github.com/forge-ai/forge/api/api/handler/auth.go:104.16,107.3 2 0
github.com/forge-ai/forge/api/api/handler/auth.go:109.2,112.4 1 0
github.com/forge-ai/forge/api/api/handler/auth.go:116.66,120.16 3 0
github.com/forge-ai/forge/api/api/handler/auth.go:120.16,123.3 2 0
github.com/forge-ai/forge/api/api/handler/auth.go:125.2,125.56 1 0
github.com/forge-ai/forge/api/api/handler/auth.go:129.45,136.2 1 0
github.com/forge-ai/forge/api/api/handler/bcrypt_hasher.go:8.59,11.2 2 0
github.com/forge-ai/forge/api/api/handler/bcrypt_hasher.go:13.57,15.2 1 0
github.com/forge-ai/forge/api/api/handler/health.go:21.51,23.2 1 0
github.com/forge-ai/forge/api/api/handler/health.go:26.72,30.39 3 0
github.com/forge-ai/forge/api/api/handler/health.go:30.39,35.3 4 0
github.com/forge-ai/forge/api/api/handler/health.go:37.2,37.87 1 0
github.com/forge-ai/forge/api/api/handler/helpers.go:10.41,12.2 1 0
github.com/forge-ai/forge/api/api/handler/helpers.go:16.59,19.46 3 0
github.com/forge-ai/forge/api/api/handler/helpers.go:19.46,20.53 1 0
github.com/forge-ai/forge/api/api/handler/helpers.go:20.53,22.4 1 0
github.com/forge-ai/forge/api/api/handler/helpers.go:24.2,24.17 1 0
github.com/forge-ai/forge/api/api/handler/helpers.go:24.17,26.3 1 0
github.com/forge-ai/forge/api/api/handler/helpers.go:27.2,27.45 1 0
github.com/forge-ai/forge/api/api/handler/helpers.go:27.45,28.53 1 0
github.com/forge-ai/forge/api/api/handler/helpers.go:28.53,30.4 1 0
github.com/forge-ai/forge/api/api/handler/helpers.go:32.2,33.22 2 0
github.com/forge-ai/forge/api/api/handler/project.go:18.71,20.2 1 1
github.com/forge-ai/forge/api/api/handler/project.go:23.71,28.16 4 0
github.com/forge-ai/forge/api/api/handler/project.go:28.16,31.3 2 0
github.com/forge-ai/forge/api/api/handler/project.go:33.2,34.67 2 0
github.com/forge-ai/forge/api/api/handler/project.go:38.73,44.62 3 1
github.com/forge-ai/forge/api/api/handler/project.go:44.62,47.3 2 0
github.com/forge-ai/forge/api/api/handler/project.go:48.2,48.21 1 1
github.com/forge-ai/forge/api/api/handler/project.go:48.21,51.3 2 1
github.com/forge-ai/forge/api/api/handler/project.go:53.2,58.16 2 0
github.com/forge-ai/forge/api/api/handler/project.go:58.16,61.3 2 0
github.com/forge-ai/forge/api/api/handler/project.go:63.2,63.54 1 0
github.com/forge-ai/forge/api/api/handler/project.go:67.70,72.16 4 1
github.com/forge-ai/forge/api/api/handler/project.go:72.16,75.3 2 1
github.com/forge-ai/forge/api/api/handler/project.go:76.2,76.30 1 1
github.com/forge-ai/forge/api/api/handler/project.go:76.30,79.3 2 0
github.com/forge-ai/forge/api/api/handler/project.go:81.2,81.49 1 1
github.com/forge-ai/forge/api/api/handler/project.go:85.73,90.16 4 1
github.com/forge-ai/forge/api/api/handler/project.go:90.16,93.3 2 1
github.com/forge-ai/forge/api/api/handler/project.go:94.2,94.30 1 0
github.com/forge-ai/forge/api/api/handler/project.go:94.30,97.3 2 0
github.com/forge-ai/forge/api/api/handler/project.go:98.2,98.24 1 0
github.com/forge-ai/forge/api/api/handler/project.go:98.24,101.3 2 0
github.com/forge-ai/forge/api/api/handler/project.go:103.2,103.55 1 0
github.com/forge-ai/forge/api/api/handler/project.go:103.55,106.3 2 0
github.com/forge-ai/forge/api/api/handler/project.go:108.2,108.37 1 0
github.com/forge-ai/forge/api/api/handler/task.go:26.121,32.2 1 0
github.com/forge-ai/forge/api/api/handler/task.go:35.70,41.16 4 0
github.com/forge-ai/forge/api/api/handler/task.go:41.16,44.3 2 0
github.com/forge-ai/forge/api/api/handler/task.go:45.2,45.30 1 0
github.com/forge-ai/forge/api/api/handler/task.go:45.30,48.3 2 0
github.com/forge-ai/forge/api/api/handler/task.go:50.2,53.62 2 0
github.com/forge-ai/forge/api/api/handler/task.go:53.62,56.3 2 0
github.com/forge-ai/forge/api/api/handler/task.go:57.2,57.23 1 0
github.com/forge-ai/forge/api/api/handler/task.go:57.23,60.3 2 0
github.com/forge-ai/forge/api/api/handler/task.go:62.2,68.16 2 0
github.com/forge-ai/forge/api/api/handler/task.go:68.16,71.3 2 0
github.com/forge-ai/forge/api/api/handler/task.go:75.2,77.51 2 0
github.com/forge-ai/forge/api/api/handler/task.go:81.68,86.16 4 0
github.com/forge-ai/forge/api/api/handler/task.go:86.16,89.3 2 0
github.com/forge-ai/forge/api/api/handler/task.go:90.2,90.30 1 0
github.com/forge-ai/forge/api/api/handler/task.go:90.30,93.3 2 0
github.com/forge-ai/forge/api/api/handler/task.go:95.2,97.16 3 0
github.com/forge-ai/forge/api/api/handler/task.go:97.16,100.3 2 0
github.com/forge-ai/forge/api/api/handler/task.go:102.2,103.61 2 0
github.com/forge-ai/forge/api/api/handler/task.go:107.67,112.16 4 0
github.com/forge-ai/forge/api/api/handler/task.go:112.16,115.3 2 0
github.com/forge-ai/forge/api/api/handler/task.go:116.2,116.27 1 0
github.com/forge-ai/forge/api/api/handler/task.go:116.27,119.3 2 0
github.com/forge-ai/forge/api/api/handler/task.go:121.2,121.46 1 0
github.com/forge-ai/forge/api/api/handler/task.go:126.70,131.16 4 0
github.com/forge-ai/forge/api/api/handler/task.go:131.16,134.3 2 0
github.com/forge-ai/forge/api/api/handler/task.go:135.2,135.27 1 0
github.com/forge-ai/forge/api/api/handler/task.go:135.27,138.3 2 0
github.com/forge-ai/forge/api/api/handler/task.go:141.2,148.9 7 0
github.com/forge-ai/forge/api/api/handler/task.go:148.9,152.3 2 0
github.com/forge-ai/forge/api/api/handler/task.go:155.2,158.6 3 0
github.com/forge-ai/forge/api/api/handler/task.go:158.6,159.10 1 0
github.com/forge-ai/forge/api/api/handler/task.go:160.29,161.10 1 0
github.com/forge-ai/forge/api/api/handler/task.go:162.19,164.18 2 0
github.com/forge-ai/forge/api/api/handler/task.go:164.18,168.5 3 0
github.com/forge-ai/forge/api/api/handler/task.go:170.4,179.22 4 0
github.com/forge-ai/forge/api/api/handler/task.go:179.22,183.5 3 0
github.com/forge-ai/forge/api/api/handler/task.go:189.57,190.22 1 0
github.com/forge-ai/forge/api/api/handler/task.go:190.22,192.3 1 0
github.com/forge-ai/forge/api/api/handler/task.go:193.2,201.16 5 0
github.com/forge-ai/forge/api/api/handler/task.go:201.16,203.3 1 0
github.com/forge-ai/forge/api/api/handler/task.go:204.2,206.31 3 0
github.com/forge-ai/forge/api/api/handler/task.go:206.31,208.3 1 0
github.com/forge-ai/forge/api/api/handler/task.go:209.2,209.19 1 0
github.com/forge-ai/forge/api/api/middleware/auth.go:20.68,21.46 1 1
github.com/forge-ai/forge/api/api/middleware/auth.go:21.46,22.72 1 1
github.com/forge-ai/forge/api/api/middleware/auth.go:22.72,24.19 2 1
github.com/forge-ai/forge/api/api/middleware/auth.go:24.19,27.5 2 1
github.com/forge-ai/forge/api/api/middleware/auth.go:29.4,30.18 2 1
github.com/forge-ai/forge/api/api/middleware/auth.go:30.18,33.5 2 1
github.com/forge-ai/forge/api/api/middleware/auth.go:35.4,36.41 2 1
github.com/forge-ai/forge/api/api/middleware/auth.go:42.52,45.2 2 1
github.com/forge-ai/forge/api/api/middleware/auth.go:48.57,56.2 3 1
github.com/forge-ai/forge/api/api/middleware/auth.go:58.49,60.38 2 1
github.com/forge-ai/forge/api/api/middleware/auth.go:60.38,62.3 1 1
github.com/forge-ai/forge/api/api/middleware/auth.go:63.2,63.41 1 1
github.com/forge-ai/forge/api/api/middleware/auth.go:66.59,67.68 1 1
github.com/forge-ai/forge/api/api/middleware/auth.go:67.68,68.54 1 1
github.com/forge-ai/forge/api/api/middleware/auth.go:68.54,70.4 1 0
github.com/forge-ai/forge/api/api/middleware/auth.go:71.3,71.29 1 1
github.com/forge-ai/forge/api/api/middleware/auth.go:73.2,73.32 1 1
github.com/forge-ai/forge/api/api/middleware/auth.go:73.32,75.3 1 1
github.com/forge-ai/forge/api/api/middleware/auth.go:77.2,78.9 2 1
github.com/forge-ai/forge/api/api/middleware/auth.go:78.9,80.3 1 0
github.com/forge-ai/forge/api/api/middleware/auth.go:82.2,83.25 2 1
github.com/forge-ai/forge/api/api/middleware/auth.go:83.25,85.3 1 0
github.com/forge-ai/forge/api/api/middleware/auth.go:87.2,87.20 1 1
github.com/forge-ai/forge/api/api/middleware/error.go:24.51,27.46 3 1
github.com/forge-ai/forge/api/api/middleware/error.go:27.46,29.3 1 0
github.com/forge-ai/forge/api/api/middleware/error.go:30.2,37.4 3 1
github.com/forge-ai/forge/api/api/middleware/error.go:41.68,51.2 3 0
github.com/forge-ai/forge/api/api/middleware/error.go:53.59,54.9 1 1
github.com/forge-ai/forge/api/api/middleware/error.go:55.42,56.42 1 0
github.com/forge-ai/forge/api/api/middleware/error.go:57.47,58.47 1 0
github.com/forge-ai/forge/api/api/middleware/error.go:59.46,60.49 1 1
github.com/forge-ai/forge/api/api/middleware/error.go:61.43,62.43 1 0
github.com/forge-ai/forge/api/api/middleware/error.go:63.46,64.48 1 0
github.com/forge-ai/forge/api/api/middleware/error.go:65.10,66.58 1 0
github.com/forge-ai/forge/api/api/middleware/error.go:71.61,75.2 3 0
github.com/forge-ai/forge/api/api/middleware/error.go:78.77,87.2 3 0
github.com/forge-ai/forge/api/api/middleware/logger.go:12.73,13.46 1 0
github.com/forge-ai/forge/api/api/middleware/logger.go:13.46,14.72 1 0
github.com/forge-ai/forge/api/api/middleware/logger.go:14.72,18.17 3 0
github.com/forge-ai/forge/api/api/middleware/logger.go:18.17,27.5 1 0
github.com/forge-ai/forge/api/api/middleware/logger.go:29.4,29.25 1 0
github.com/forge-ai/forge/api/api/middleware/ratelimit.go:18.62,24.2 1 0
github.com/forge-ai/forge/api/api/middleware/ratelimit.go:26.61,29.35 3 0
github.com/forge-ai/forge/api/api/middleware/ratelimit.go:29.35,31.3 1 0
github.com/forge-ai/forge/api/api/middleware/ratelimit.go:32.2,34.12 3 0
github.com/forge-ai/forge/api/api/middleware/ratelimit.go:39.74,41.46 2 0
github.com/forge-ai/forge/api/api/middleware/ratelimit.go:41.46,42.72 1 0
github.com/forge-ai/forge/api/api/middleware/ratelimit.go:42.72,44.18 2 0
github.com/forge-ai/forge/api/api/middleware/ratelimit.go:44.18,46.5 1 0
github.com/forge-ai/forge/api/api/middleware/ratelimit.go:47.4,47.39 1 0
github.com/forge-ai/forge/api/api/middleware/ratelimit.go:47.39,53.5 5 0
github.com/forge-ai/forge/api/api/middleware/ratelimit.go:54.4,54.24 1 0
